[1715504560.922][INFO]: Starting ChromeDriver 124.0.6367.201 (46cf136d27d50afd9c618d164a3b95b3b62d0027-refs/branch-heads/6367@{#1130}) on port 41389
[1715504560.922][INFO]: Please see https://chromedriver.chromium.org/security-considerations for suggestions on keeping ChromeDriver safe.
[1715504561.174][INFO]: [8c50316bd5dcbf793cdb4b4042077ca5] COMMAND InitSession {
   "capabilities": {
      "firstMatch": [ {
         "browserName": "chrome",
         "goog:chromeOptions": {
            "args": [  ],
            "extensions": [  ]
         },
         "goog:loggingPrefs": {
            "browser": "ALL",
            "driver": "ALL"
         }
      } ]
   }
}
[1715504561.175][INFO]: Browser search. Trying... C:\Users\user\.cache\selenium\chromedriver\win64\124.0.6367.201\chrome.exe
[1715504561.175][INFO]: Browser search. Trying... C:\Users\user\.cache\selenium\chromedriver\win64\124.0.6367.201\chrome.exe
[1715504561.175][INFO]: Browser search. Trying... C:\Users\user\.cache\selenium\chromedriver\win64\124.0.6367.201\chromium.exe
[1715504561.180][INFO]: Browser search. Trying... C:\Users\user\AppData\Local\Google\Chrome\Application\chrome.exe
[1715504561.180][INFO]: Browser search. Trying... C:\Program Files\Google\Chrome\Application\chrome.exe
[1715504561.180][INFO]: Browser search. Trying... C:\Program Files (x86)\Google\Chrome\Application\chrome.exe
[1715504561.180][INFO]: Browser search. Found at  C:\Program Files (x86)\Google\Chrome\Application\chrome.exe
[1715504561.181][INFO]: Populating Preferences file: {
   "alternate_error_pages": {
      "enabled": false
   },
   "autofill": {
      "enabled": false
   },
   "browser": {
      "check_default_browser": false
   },
   "distribution": {
      "import_bookmarks": false,
      "import_history": false,
      "import_search_engine": false,
      "make_chrome_default_for_user": false,
      "skip_first_run_ui": true
   },
   "dns_prefetching": {
      "enabled": false
   },
   "profile": {
      "content_settings": {
         "pattern_pairs": {
            "https://*,*": {
               "media-stream": {
                  "audio": "Default",
                  "video": "Default"
               }
            }
         }
      },
      "default_content_setting_values": {
         "geolocation": 1
      },
      "default_content_settings": {
         "geolocation": 1,
         "mouselock": 1,
         "notifications": 1,
         "popups": 1,
         "ppapi-broker": 1
      },
      "password_manager_enabled": false
   },
   "safebrowsing": {
      "enabled": false
   },
   "search": {
      "suggest_enabled": false
   },
   "translate": {
      "enabled": false
   }
}
[1715504561.182][INFO]: Populating Local State file: {
   "background_mode": {
      "enabled": false
   },
   "ssl": {
      "rev_checking": {
         "enabled": false
      }
   }
}
[1715504561.185][INFO]: ChromeDriver supports communication with Chrome via pipes. This is more reliable and more secure.
[1715504561.185][INFO]: Use the --remote-debugging-pipe Chrome switch instead of the default --remote-debugging-port to enable this communication mode.
[1715504561.187][INFO]: Launching chrome: "C:\Program Files (x86)\Google\Chrome\Application\chrome.exe" --allow-pre-commit-input --disable-background-networking --disable-backgrounding-occluded-windows --disable-client-side-phishing-detection --disable-default-apps --disable-hang-monitor --disable-popup-blocking --disable-prompt-on-repost --disable-sync --enable-automation --enable-logging --log-level=0 --no-first-run --no-service-autorun --password-store=basic --remote-debugging-port=0 --test-type=webdriver --use-mock-keychain --user-data-dir="C:\Users\user\AppData\Local\Temp\scoped_dir12200_2082057178" data:,
[1715504561.924][INFO]: resolved localhost to ["::1","127.0.0.1"]
[1715504562.026][INFO]: [8c50316bd5dcbf793cdb4b4042077ca5] RESPONSE InitSession {
   "capabilities": {
      "acceptInsecureCerts": false,
      "browserName": "chrome",
      "browserVersion": "124.0.6367.158",
      "chrome": {
         "chromedriverVersion": "124.0.6367.201 (46cf136d27d50afd9c618d164a3b95b3b62d0027-refs/branch-heads/6367@{#1130})",
         "userDataDir": "C:\\Users\\user\\AppData\\Local\\Temp\\scoped_dir12200_2082057178"
      },
      "fedcm:accounts": true,
      "goog:chromeOptions": {
         "debuggerAddress": "localhost:62253"
      },
      "networkConnectionEnabled": false,
      "pageLoadStrategy": "normal",
      "platformName": "windows",
      "proxy": {
      },
      "setWindowRect": true,
      "strictFileInteractability": false,
      "timeouts": {
         "implicit": 0,
         "pageLoad": 300000,
         "script": 30000
      },
      "unhandledPromptBehavior": "dismiss and notify",
      "webauthn:extension:credBlob": true,
      "webauthn:extension:largeBlob": true,
      "webauthn:extension:minPinLength": true,
      "webauthn:extension:prf": true,
      "webauthn:virtualAuthenticators": true
   },
   "sessionId": "8c50316bd5dcbf793cdb4b4042077ca5"
}
[1715504562.281][INFO]: [8c50316bd5dcbf793cdb4b4042077ca5] COMMAND MaximizeWindow {
}
[1715504562.281][INFO]: Waiting for pending navigations...
[1715504562.282][INFO]: Done waiting for pending navigations. Status: ok
[1715504562.313][INFO]: Waiting for pending navigations...
[1715504562.314][INFO]: Done waiting for pending navigations. Status: ok
[1715504562.314][INFO]: [8c50316bd5dcbf793cdb4b4042077ca5] RESPONSE MaximizeWindow {
   "height": 688,
   "width": 1296,
   "x": -8,
   "y": -8
}
[1715504562.322][INFO]: [8c50316bd5dcbf793cdb4b4042077ca5] COMMAND SetTimeouts {
   "implicit": 30000
}
[1715504562.323][INFO]: [8c50316bd5dcbf793cdb4b4042077ca5] RESPONSE SetTimeouts
[1715504562.329][INFO]: [8c50316bd5dcbf793cdb4b4042077ca5] COMMAND Navigate {
   "url": "https://www.makemytrip.com/"
}
[1715504562.329][INFO]: Waiting for pending navigations...
[1715504562.331][INFO]: Done waiting for pending navigations. Status: ok
[1715504563.632][INFO]: Waiting for pending navigations...
[1715504565.569][INFO]: Done waiting for pending navigations. Status: ok
[1715504565.569][INFO]: [8c50316bd5dcbf793cdb4b4042077ca5] RESPONSE Navigate
[1715504565.578][INFO]: [8c50316bd5dcbf793cdb4b4042077ca5] COMMAND FindElement {
   "using": "xpath",
   "value": "//span[@data-cy='closeModal']"
}
[1715504565.578][INFO]: Waiting for pending navigations...
[1715504565.665][INFO]: Done waiting for pending navigations. Status: ok
[1715504565.900][INFO]: Waiting for pending navigations...
[1715504566.135][INFO]: Done waiting for pending navigations. Status: ok
[1715504566.136][INFO]: [8c50316bd5dcbf793cdb4b4042077ca5] RESPONSE FindElement {
   "element-6066-11e4-a52e-4f735466cecf": "f.33050C7214DDEB946A92CD4511AEF6A3.d.7CDF659CCD768078F15D3CBE6DBEFD69.e.38"
}
[1715504566.152][INFO]: [8c50316bd5dcbf793cdb4b4042077ca5] COMMAND ClickElement {
   "id": "f.33050C7214DDEB946A92CD4511AEF6A3.d.7CDF659CCD768078F15D3CBE6DBEFD69.e.38"
}
[1715504566.153][INFO]: Waiting for pending navigations...
[1715504566.366][INFO]: Done waiting for pending navigations. Status: ok
[1715504566.762][INFO]: Waiting for pending navigations...
[1715504566.823][INFO]: Done waiting for pending navigations. Status: ok
[1715504566.823][INFO]: [8c50316bd5dcbf793cdb4b4042077ca5] RESPONSE ClickElement
[1715504566.828][INFO]: [8c50316bd5dcbf793cdb4b4042077ca5] COMMAND GetUrl {
}
[1715504566.828][INFO]: Waiting for pending navigations...
[1715504566.896][INFO]: Done waiting for pending navigations. Status: ok
[1715504567.644][INFO]: Waiting for pending navigations...
[1715504567.695][INFO]: Done waiting for pending navigations. Status: ok
[1715504567.695][INFO]: [8c50316bd5dcbf793cdb4b4042077ca5] RESPONSE GetUrl "https://www.makemytrip.com/"
[1715504567.703][INFO]: [8c50316bd5dcbf793cdb4b4042077ca5] COMMAND Navigate {
   "url": "https://www.makemytrip.com/"
}
[1715504567.703][INFO]: Waiting for pending navigations...
[1715504567.722][INFO]: Done waiting for pending navigations. Status: ok
[1715504568.153][INFO]: Waiting for pending navigations...
[1715504569.625][INFO]: Done waiting for pending navigations. Status: ok
[1715504569.626][INFO]: [8c50316bd5dcbf793cdb4b4042077ca5] RESPONSE Navigate
[1715504570.643][INFO]: [8c50316bd5dcbf793cdb4b4042077ca5] COMMAND FindElement {
   "using": "css selector",
   "value": "#fromCity"
}
[1715504570.643][INFO]: Waiting for pending navigations...
[1715504570.706][INFO]: Done waiting for pending navigations. Status: ok
[1715504570.784][INFO]: Waiting for pending navigations...
[1715504570.798][INFO]: Done waiting for pending navigations. Status: ok
[1715504570.798][INFO]: [8c50316bd5dcbf793cdb4b4042077ca5] RESPONSE FindElement {
   "element-6066-11e4-a52e-4f735466cecf": "f.33050C7214DDEB946A92CD4511AEF6A3.d.F5121777335784A0BBB265093A5CACB9.e.122"
}
[1715504570.804][INFO]: [8c50316bd5dcbf793cdb4b4042077ca5] COMMAND ClickElement {
   "id": "f.33050C7214DDEB946A92CD4511AEF6A3.d.F5121777335784A0BBB265093A5CACB9.e.122"
}
[1715504570.804][INFO]: Waiting for pending navigations...
[1715504570.815][INFO]: Done waiting for pending navigations. Status: ok
[1715504570.965][INFO]: Waiting for pending navigations...
[1715504570.991][INFO]: Done waiting for pending navigations. Status: ok
[1715504570.991][INFO]: [8c50316bd5dcbf793cdb4b4042077ca5] RESPONSE ClickElement
[1715504571.005][INFO]: [8c50316bd5dcbf793cdb4b4042077ca5] COMMAND FindElement {
   "using": "xpath",
   "value": "//input[@placeholder='From']"
}
[1715504571.005][INFO]: Waiting for pending navigations...
[1715504571.013][INFO]: Done waiting for pending navigations. Status: ok
[1715504571.031][INFO]: Waiting for pending navigations...
[1715504571.033][INFO]: Done waiting for pending navigations. Status: ok
[1715504571.033][INFO]: [8c50316bd5dcbf793cdb4b4042077ca5] RESPONSE FindElement {
   "element-6066-11e4-a52e-4f735466cecf": "f.33050C7214DDEB946A92CD4511AEF6A3.d.F5121777335784A0BBB265093A5CACB9.e.136"
}
[1715504571.045][INFO]: [8c50316bd5dcbf793cdb4b4042077ca5] COMMAND TypeElement {
   "id": "f.33050C7214DDEB946A92CD4511AEF6A3.d.F5121777335784A0BBB265093A5CACB9.e.136",
   "text": "blr",
   "value": [ "b", "l", "r" ]
}
[1715504571.045][INFO]: Waiting for pending navigations...
[1715504571.046][INFO]: Done waiting for pending navigations. Status: ok
[1715504571.106][INFO]: Waiting for pending navigations...
[1715504571.112][INFO]: Done waiting for pending navigations. Status: ok
[1715504571.112][INFO]: [8c50316bd5dcbf793cdb4b4042077ca5] RESPONSE TypeElement
[1715504573.123][INFO]: [8c50316bd5dcbf793cdb4b4042077ca5] COMMAND FindElement {
   "using": "xpath",
   "value": "//p[@class='font14 appendBottom5 blackText']"
}
[1715504573.123][INFO]: Waiting for pending navigations...
[1715504573.124][INFO]: Done waiting for pending navigations. Status: ok
[1715504573.136][INFO]: Waiting for pending navigations...
[1715504573.136][INFO]: Done waiting for pending navigations. Status: ok
[1715504573.136][INFO]: [8c50316bd5dcbf793cdb4b4042077ca5] RESPONSE FindElement {
   "element-6066-11e4-a52e-4f735466cecf": "f.33050C7214DDEB946A92CD4511AEF6A3.d.F5121777335784A0BBB265093A5CACB9.e.150"
}
[1715504573.142][INFO]: [8c50316bd5dcbf793cdb4b4042077ca5] COMMAND ClickElement {
   "id": "f.33050C7214DDEB946A92CD4511AEF6A3.d.F5121777335784A0BBB265093A5CACB9.e.150"
}
[1715504573.142][INFO]: Waiting for pending navigations...
[1715504573.143][INFO]: Done waiting for pending navigations. Status: ok
[1715504573.292][INFO]: Waiting for pending navigations...
[1715504573.298][INFO]: Done waiting for pending navigations. Status: ok
[1715504573.298][INFO]: [8c50316bd5dcbf793cdb4b4042077ca5] RESPONSE ClickElement
[1715504573.304][INFO]: [8c50316bd5dcbf793cdb4b4042077ca5] COMMAND FindElement {
   "using": "css selector",
   "value": "#toCity"
}
[1715504573.304][INFO]: Waiting for pending navigations...
[1715504573.309][INFO]: Done waiting for pending navigations. Status: ok
[1715504573.321][INFO]: Waiting for pending navigations...
[1715504573.322][INFO]: Done waiting for pending navigations. Status: ok
[1715504573.322][INFO]: [8c50316bd5dcbf793cdb4b4042077ca5] RESPONSE FindElement {
   "element-6066-11e4-a52e-4f735466cecf": "f.33050C7214DDEB946A92CD4511AEF6A3.d.F5121777335784A0BBB265093A5CACB9.e.123"
}
[1715504573.329][INFO]: [8c50316bd5dcbf793cdb4b4042077ca5] COMMAND ClickElement {
   "id": "f.33050C7214DDEB946A92CD4511AEF6A3.d.F5121777335784A0BBB265093A5CACB9.e.123"
}
[1715504573.329][INFO]: Waiting for pending navigations...
[1715504573.329][INFO]: Done waiting for pending navigations. Status: ok
[1715504573.449][INFO]: Waiting for pending navigations...
[1715504573.463][INFO]: Done waiting for pending navigations. Status: ok
[1715504573.463][INFO]: [8c50316bd5dcbf793cdb4b4042077ca5] RESPONSE ClickElement
[1715504573.470][INFO]: [8c50316bd5dcbf793cdb4b4042077ca5] COMMAND FindElement {
   "using": "xpath",
   "value": "//input[@placeholder='To']"
}
[1715504573.470][INFO]: Waiting for pending navigations...
[1715504573.473][INFO]: Done waiting for pending navigations. Status: ok
[1715504573.490][INFO]: Waiting for pending navigations...
[1715504573.492][INFO]: Done waiting for pending navigations. Status: ok
[1715504573.492][INFO]: [8c50316bd5dcbf793cdb4b4042077ca5] RESPONSE FindElement {
   "element-6066-11e4-a52e-4f735466cecf": "f.33050C7214DDEB946A92CD4511AEF6A3.d.F5121777335784A0BBB265093A5CACB9.e.157"
}
[1715504573.497][INFO]: [8c50316bd5dcbf793cdb4b4042077ca5] COMMAND TypeElement {
   "id": "f.33050C7214DDEB946A92CD4511AEF6A3.d.F5121777335784A0BBB265093A5CACB9.e.157",
   "text": "del",
   "value": [ "d", "e", "l" ]
}
[1715504573.497][INFO]: Waiting for pending navigations...
[1715504573.499][INFO]: Done waiting for pending navigations. Status: ok
[1715504573.545][INFO]: Waiting for pending navigations...
[1715504573.551][INFO]: Done waiting for pending navigations. Status: ok
[1715504573.551][INFO]: [8c50316bd5dcbf793cdb4b4042077ca5] RESPONSE TypeElement
[1715504574.558][INFO]: [8c50316bd5dcbf793cdb4b4042077ca5] COMMAND FindElement {
   "using": "xpath",
   "value": "//p[@class='font14 appendBottom5 blackText']"
}
[1715504574.558][INFO]: Waiting for pending navigations...
[1715504574.559][INFO]: Done waiting for pending navigations. Status: ok
[1715504574.566][INFO]: Waiting for pending navigations...
[1715504574.567][INFO]: Done waiting for pending navigations. Status: ok
[1715504574.567][INFO]: [8c50316bd5dcbf793cdb4b4042077ca5] RESPONSE FindElement {
   "element-6066-11e4-a52e-4f735466cecf": "f.33050C7214DDEB946A92CD4511AEF6A3.d.F5121777335784A0BBB265093A5CACB9.e.166"
}
[1715504574.573][INFO]: [8c50316bd5dcbf793cdb4b4042077ca5] COMMAND ClickElement {
   "id": "f.33050C7214DDEB946A92CD4511AEF6A3.d.F5121777335784A0BBB265093A5CACB9.e.166"
}
[1715504574.573][INFO]: Waiting for pending navigations...
[1715504574.574][INFO]: Done waiting for pending navigations. Status: ok
[1715504574.706][INFO]: Waiting for pending navigations...
[1715504574.713][INFO]: Done waiting for pending navigations. Status: ok
[1715504574.713][INFO]: [8c50316bd5dcbf793cdb4b4042077ca5] RESPONSE ClickElement
[1715504575.725][INFO]: [8c50316bd5dcbf793cdb4b4042077ca5] COMMAND FindElement {
   "using": "xpath",
   "value": "(//div[@class='DayPicker-Caption'])[2]"
}
[1715504575.725][INFO]: Waiting for pending navigations...
[1715504575.725][INFO]: Done waiting for pending navigations. Status: ok
[1715504575.738][INFO]: Waiting for pending navigations...
[1715504575.739][INFO]: Done waiting for pending navigations. Status: ok
[1715504575.739][INFO]: [8c50316bd5dcbf793cdb4b4042077ca5] RESPONSE FindElement {
   "element-6066-11e4-a52e-4f735466cecf": "f.33050C7214DDEB946A92CD4511AEF6A3.d.F5121777335784A0BBB265093A5CACB9.e.172"
}
[1715504575.743][INFO]: [8c50316bd5dcbf793cdb4b4042077ca5] COMMAND GetElementText {
   "id": "f.33050C7214DDEB946A92CD4511AEF6A3.d.F5121777335784A0BBB265093A5CACB9.e.172"
}
[1715504575.743][INFO]: Waiting for pending navigations...
[1715504575.743][INFO]: Done waiting for pending navigations. Status: ok
[1715504575.756][INFO]: Waiting for pending navigations...
[1715504575.757][INFO]: Done waiting for pending navigations. Status: ok
[1715504575.757][INFO]: [8c50316bd5dcbf793cdb4b4042077ca5] RESPONSE GetElementText "June 2024"
[1715504575.762][INFO]: [8c50316bd5dcbf793cdb4b4042077ca5] COMMAND FindElement {
   "using": "css selector",
   "value": ".DayPicker-NavButton.DayPicker-NavButton--next"
}
[1715504575.762][INFO]: Waiting for pending navigations...
[1715504575.763][INFO]: Done waiting for pending navigations. Status: ok
[1715504575.772][INFO]: Waiting for pending navigations...
[1715504575.773][INFO]: Done waiting for pending navigations. Status: ok
[1715504575.773][INFO]: [8c50316bd5dcbf793cdb4b4042077ca5] RESPONSE FindElement {
   "element-6066-11e4-a52e-4f735466cecf": "f.33050C7214DDEB946A92CD4511AEF6A3.d.F5121777335784A0BBB265093A5CACB9.e.168"
}
[1715504575.777][INFO]: [8c50316bd5dcbf793cdb4b4042077ca5] COMMAND ClickElement {
   "id": "f.33050C7214DDEB946A92CD4511AEF6A3.d.F5121777335784A0BBB265093A5CACB9.e.168"
}
[1715504575.777][INFO]: Waiting for pending navigations...
[1715504575.778][INFO]: Done waiting for pending navigations. Status: ok
[1715504575.864][INFO]: Waiting for pending navigations...
[1715504575.868][INFO]: Done waiting for pending navigations. Status: ok
[1715504575.868][INFO]: [8c50316bd5dcbf793cdb4b4042077ca5] RESPONSE ClickElement
[1715504575.874][INFO]: [8c50316bd5dcbf793cdb4b4042077ca5] COMMAND FindElement {
   "using": "css selector",
   "value": ".DayPicker-NavButton.DayPicker-NavButton--next"
}
[1715504575.874][INFO]: Waiting for pending navigations...
[1715504575.875][INFO]: Done waiting for pending navigations. Status: ok
[1715504575.882][INFO]: Waiting for pending navigations...
[1715504575.882][INFO]: Done waiting for pending navigations. Status: ok
[1715504575.882][INFO]: [8c50316bd5dcbf793cdb4b4042077ca5] RESPONSE FindElement {
   "element-6066-11e4-a52e-4f735466cecf": "f.33050C7214DDEB946A92CD4511AEF6A3.d.F5121777335784A0BBB265093A5CACB9.e.168"
}
[1715504575.886][INFO]: [8c50316bd5dcbf793cdb4b4042077ca5] COMMAND ClickElement {
   "id": "f.33050C7214DDEB946A92CD4511AEF6A3.d.F5121777335784A0BBB265093A5CACB9.e.168"
}
[1715504575.886][INFO]: Waiting for pending navigations...
[1715504575.887][INFO]: Done waiting for pending navigations. Status: ok
[1715504575.939][INFO]: Waiting for pending navigations...
[1715504575.943][INFO]: Done waiting for pending navigations. Status: ok
[1715504575.943][INFO]: [8c50316bd5dcbf793cdb4b4042077ca5] RESPONSE ClickElement
[1715504575.948][INFO]: [8c50316bd5dcbf793cdb4b4042077ca5] COMMAND FindElement {
   "using": "css selector",
   "value": ".DayPicker-NavButton.DayPicker-NavButton--next"
}
[1715504575.948][INFO]: Waiting for pending navigations...
[1715504575.949][INFO]: Done waiting for pending navigations. Status: ok
[1715504575.955][INFO]: Waiting for pending navigations...
[1715504575.956][INFO]: Done waiting for pending navigations. Status: ok
[1715504575.956][INFO]: [8c50316bd5dcbf793cdb4b4042077ca5] RESPONSE FindElement {
   "element-6066-11e4-a52e-4f735466cecf": "f.33050C7214DDEB946A92CD4511AEF6A3.d.F5121777335784A0BBB265093A5CACB9.e.168"
}
[1715504575.960][INFO]: [8c50316bd5dcbf793cdb4b4042077ca5] COMMAND ClickElement {
   "id": "f.33050C7214DDEB946A92CD4511AEF6A3.d.F5121777335784A0BBB265093A5CACB9.e.168"
}
[1715504575.960][INFO]: Waiting for pending navigations...
[1715504575.961][INFO]: Done waiting for pending navigations. Status: ok
[1715504576.026][INFO]: Waiting for pending navigations...
[1715504576.028][INFO]: Done waiting for pending navigations. Status: ok
[1715504576.028][INFO]: [8c50316bd5dcbf793cdb4b4042077ca5] RESPONSE ClickElement
[1715504576.033][INFO]: [8c50316bd5dcbf793cdb4b4042077ca5] COMMAND FindElement {
   "using": "css selector",
   "value": ".DayPicker-NavButton.DayPicker-NavButton--next"
}
[1715504576.033][INFO]: Waiting for pending navigations...
[1715504576.034][INFO]: Done waiting for pending navigations. Status: ok
[1715504576.041][INFO]: Waiting for pending navigations...
[1715504576.041][INFO]: Done waiting for pending navigations. Status: ok
[1715504576.041][INFO]: [8c50316bd5dcbf793cdb4b4042077ca5] RESPONSE FindElement {
   "element-6066-11e4-a52e-4f735466cecf": "f.33050C7214DDEB946A92CD4511AEF6A3.d.F5121777335784A0BBB265093A5CACB9.e.168"
}
[1715504576.045][INFO]: [8c50316bd5dcbf793cdb4b4042077ca5] COMMAND ClickElement {
   "id": "f.33050C7214DDEB946A92CD4511AEF6A3.d.F5121777335784A0BBB265093A5CACB9.e.168"
}
[1715504576.045][INFO]: Waiting for pending navigations...
[1715504576.046][INFO]: Done waiting for pending navigations. Status: ok
[1715504576.097][INFO]: Waiting for pending navigations...
[1715504576.099][INFO]: Done waiting for pending navigations. Status: ok
[1715504576.100][INFO]: [8c50316bd5dcbf793cdb4b4042077ca5] RESPONSE ClickElement
[1715504576.104][INFO]: [8c50316bd5dcbf793cdb4b4042077ca5] COMMAND FindElement {
   "using": "css selector",
   "value": ".DayPicker-NavButton.DayPicker-NavButton--next"
}
[1715504576.104][INFO]: Waiting for pending navigations...
[1715504576.105][INFO]: Done waiting for pending navigations. Status: ok
[1715504576.111][INFO]: Waiting for pending navigations...
[1715504576.112][INFO]: Done waiting for pending navigations. Status: ok
[1715504576.112][INFO]: [8c50316bd5dcbf793cdb4b4042077ca5] RESPONSE FindElement {
   "element-6066-11e4-a52e-4f735466cecf": "f.33050C7214DDEB946A92CD4511AEF6A3.d.F5121777335784A0BBB265093A5CACB9.e.168"
}
[1715504576.115][INFO]: [8c50316bd5dcbf793cdb4b4042077ca5] COMMAND ClickElement {
   "id": "f.33050C7214DDEB946A92CD4511AEF6A3.d.F5121777335784A0BBB265093A5CACB9.e.168"
}
[1715504576.115][INFO]: Waiting for pending navigations...
[1715504576.116][INFO]: Done waiting for pending navigations. Status: ok
[1715504576.167][INFO]: Waiting for pending navigations...
[1715504576.170][INFO]: Done waiting for pending navigations. Status: ok
[1715504576.170][INFO]: [8c50316bd5dcbf793cdb4b4042077ca5] RESPONSE ClickElement
[1715504576.174][INFO]: [8c50316bd5dcbf793cdb4b4042077ca5] COMMAND FindElement {
   "using": "css selector",
   "value": ".DayPicker-NavButton.DayPicker-NavButton--next"
}
[1715504576.175][INFO]: Waiting for pending navigations...
[1715504576.176][INFO]: Done waiting for pending navigations. Status: ok
[1715504576.183][INFO]: Waiting for pending navigations...
[1715504576.184][INFO]: Done waiting for pending navigations. Status: ok
[1715504576.184][INFO]: [8c50316bd5dcbf793cdb4b4042077ca5] RESPONSE FindElement {
   "element-6066-11e4-a52e-4f735466cecf": "f.33050C7214DDEB946A92CD4511AEF6A3.d.F5121777335784A0BBB265093A5CACB9.e.168"
}
[1715504576.188][INFO]: [8c50316bd5dcbf793cdb4b4042077ca5] COMMAND ClickElement {
   "id": "f.33050C7214DDEB946A92CD4511AEF6A3.d.F5121777335784A0BBB265093A5CACB9.e.168"
}
[1715504576.188][INFO]: Waiting for pending navigations...
[1715504576.189][INFO]: Done waiting for pending navigations. Status: ok
[1715504576.241][INFO]: Waiting for pending navigations...
[1715504576.248][INFO]: Done waiting for pending navigations. Status: ok
[1715504576.248][INFO]: [8c50316bd5dcbf793cdb4b4042077ca5] RESPONSE ClickElement
[1715504576.252][INFO]: [8c50316bd5dcbf793cdb4b4042077ca5] COMMAND FindElement {
   "using": "css selector",
   "value": ".DayPicker-NavButton.DayPicker-NavButton--next"
}
[1715504576.252][INFO]: Waiting for pending navigations...
[1715504576.253][INFO]: Done waiting for pending navigations. Status: ok
[1715504576.262][INFO]: Waiting for pending navigations...
[1715504576.263][INFO]: Done waiting for pending navigations. Status: ok
[1715504576.263][INFO]: [8c50316bd5dcbf793cdb4b4042077ca5] RESPONSE FindElement {
   "element-6066-11e4-a52e-4f735466cecf": "f.33050C7214DDEB946A92CD4511AEF6A3.d.F5121777335784A0BBB265093A5CACB9.e.168"
}
[1715504576.268][INFO]: [8c50316bd5dcbf793cdb4b4042077ca5] COMMAND ClickElement {
   "id": "f.33050C7214DDEB946A92CD4511AEF6A3.d.F5121777335784A0BBB265093A5CACB9.e.168"
}
[1715504576.268][INFO]: Waiting for pending navigations...
[1715504576.269][INFO]: Done waiting for pending navigations. Status: ok
[1715504576.318][INFO]: Waiting for pending navigations...
[1715504576.321][INFO]: Done waiting for pending navigations. Status: ok
[1715504576.321][INFO]: [8c50316bd5dcbf793cdb4b4042077ca5] RESPONSE ClickElement
[1715504576.325][INFO]: [8c50316bd5dcbf793cdb4b4042077ca5] COMMAND FindElement {
   "using": "css selector",
   "value": ".DayPicker-NavButton.DayPicker-NavButton--next"
}
[1715504576.325][INFO]: Waiting for pending navigations...
[1715504576.327][INFO]: Done waiting for pending navigations. Status: ok
[1715504576.333][INFO]: Waiting for pending navigations...
[1715504576.334][INFO]: Done waiting for pending navigations. Status: ok
[1715504576.334][INFO]: [8c50316bd5dcbf793cdb4b4042077ca5] RESPONSE FindElement {
   "element-6066-11e4-a52e-4f735466cecf": "f.33050C7214DDEB946A92CD4511AEF6A3.d.F5121777335784A0BBB265093A5CACB9.e.168"
}
[1715504576.338][INFO]: [8c50316bd5dcbf793cdb4b4042077ca5] COMMAND ClickElement {
   "id": "f.33050C7214DDEB946A92CD4511AEF6A3.d.F5121777335784A0BBB265093A5CACB9.e.168"
}
[1715504576.338][INFO]: Waiting for pending navigations...
[1715504576.339][INFO]: Done waiting for pending navigations. Status: ok
[1715504576.388][INFO]: Waiting for pending navigations...
[1715504576.392][INFO]: Done waiting for pending navigations. Status: ok
[1715504576.392][INFO]: [8c50316bd5dcbf793cdb4b4042077ca5] RESPONSE ClickElement
[1715504576.397][INFO]: [8c50316bd5dcbf793cdb4b4042077ca5] COMMAND FindElement {
   "using": "css selector",
   "value": ".DayPicker-NavButton.DayPicker-NavButton--next"
}
[1715504576.397][INFO]: Waiting for pending navigations...
[1715504576.398][INFO]: Done waiting for pending navigations. Status: ok
[1715504576.405][INFO]: Waiting for pending navigations...
[1715504576.405][INFO]: Done waiting for pending navigations. Status: ok
[1715504576.406][INFO]: [8c50316bd5dcbf793cdb4b4042077ca5] RESPONSE FindElement {
   "element-6066-11e4-a52e-4f735466cecf": "f.33050C7214DDEB946A92CD4511AEF6A3.d.F5121777335784A0BBB265093A5CACB9.e.168"
}
[1715504576.409][INFO]: [8c50316bd5dcbf793cdb4b4042077ca5] COMMAND ClickElement {
   "id": "f.33050C7214DDEB946A92CD4511AEF6A3.d.F5121777335784A0BBB265093A5CACB9.e.168"
}
[1715504576.409][INFO]: Waiting for pending navigations...
[1715504576.410][INFO]: Done waiting for pending navigations. Status: ok
[1715504576.461][INFO]: Waiting for pending navigations...
[1715504576.466][INFO]: Done waiting for pending navigations. Status: ok
[1715504576.466][INFO]: [8c50316bd5dcbf793cdb4b4042077ca5] RESPONSE ClickElement
[1715504576.476][INFO]: [8c50316bd5dcbf793cdb4b4042077ca5] COMMAND FindElement {
   "using": "css selector",
   "value": ".DayPicker-NavButton.DayPicker-NavButton--next"
}
[1715504576.476][INFO]: Waiting for pending navigations...
[1715504576.477][INFO]: Done waiting for pending navigations. Status: ok
[1715504576.486][INFO]: Waiting for pending navigations...
[1715504576.486][INFO]: Done waiting for pending navigations. Status: ok
[1715504576.487][INFO]: [8c50316bd5dcbf793cdb4b4042077ca5] RESPONSE FindElement {
   "element-6066-11e4-a52e-4f735466cecf": "f.33050C7214DDEB946A92CD4511AEF6A3.d.F5121777335784A0BBB265093A5CACB9.e.168"
}
[1715504576.492][INFO]: [8c50316bd5dcbf793cdb4b4042077ca5] COMMAND ClickElement {
   "id": "f.33050C7214DDEB946A92CD4511AEF6A3.d.F5121777335784A0BBB265093A5CACB9.e.168"
}
[1715504576.492][INFO]: Waiting for pending navigations...
[1715504576.493][INFO]: Done waiting for pending navigations. Status: ok
[1715504576.553][INFO]: Waiting for pending navigations...
[1715504576.561][INFO]: Done waiting for pending navigations. Status: ok
[1715504576.561][INFO]: [8c50316bd5dcbf793cdb4b4042077ca5] RESPONSE ClickElement
[1715504576.566][INFO]: [8c50316bd5dcbf793cdb4b4042077ca5] COMMAND FindElement {
   "using": "css selector",
   "value": ".DayPicker-NavButton.DayPicker-NavButton--next"
}
[1715504576.566][INFO]: Waiting for pending navigations...
[1715504576.568][INFO]: Done waiting for pending navigations. Status: ok
[1715504576.577][INFO]: Waiting for pending navigations...
[1715504576.578][INFO]: Done waiting for pending navigations. Status: ok
[1715504576.578][INFO]: [8c50316bd5dcbf793cdb4b4042077ca5] RESPONSE FindElement {
   "element-6066-11e4-a52e-4f735466cecf": "f.33050C7214DDEB946A92CD4511AEF6A3.d.F5121777335784A0BBB265093A5CACB9.e.168"
}
[1715504576.583][INFO]: [8c50316bd5dcbf793cdb4b4042077ca5] COMMAND ClickElement {
   "id": "f.33050C7214DDEB946A92CD4511AEF6A3.d.F5121777335784A0BBB265093A5CACB9.e.168"
}
[1715504576.583][INFO]: Waiting for pending navigations...
[1715504576.584][INFO]: Done waiting for pending navigations. Status: ok
[1715504576.645][INFO]: Waiting for pending navigations...
[1715504576.652][INFO]: Done waiting for pending navigations. Status: ok
[1715504576.652][INFO]: [8c50316bd5dcbf793cdb4b4042077ca5] RESPONSE ClickElement
[1715504576.657][INFO]: [8c50316bd5dcbf793cdb4b4042077ca5] COMMAND FindElement {
   "using": "css selector",
   "value": ".DayPicker-NavButton.DayPicker-NavButton--next"
}
[1715504576.657][INFO]: Waiting for pending navigations...
[1715504576.658][INFO]: Done waiting for pending navigations. Status: ok
[1715504576.668][INFO]: Waiting for pending navigations...
[1715504576.669][INFO]: Done waiting for pending navigations. Status: ok
[1715504576.669][INFO]: [8c50316bd5dcbf793cdb4b4042077ca5] RESPONSE FindElement {
   "element-6066-11e4-a52e-4f735466cecf": "f.33050C7214DDEB946A92CD4511AEF6A3.d.F5121777335784A0BBB265093A5CACB9.e.168"
}
[1715504576.674][INFO]: [8c50316bd5dcbf793cdb4b4042077ca5] COMMAND ClickElement {
   "id": "f.33050C7214DDEB946A92CD4511AEF6A3.d.F5121777335784A0BBB265093A5CACB9.e.168"
}
[1715504576.674][INFO]: Waiting for pending navigations...
[1715504576.676][INFO]: Done waiting for pending navigations. Status: ok
[1715504580.847][INFO]: Waiting for pending navigations...
[1715504580.867][INFO]: Done waiting for pending navigations. Status: ok
[1715504580.867][INFO]: [8c50316bd5dcbf793cdb4b4042077ca5] RESPONSE ClickElement
[1715504580.873][INFO]: [8c50316bd5dcbf793cdb4b4042077ca5] COMMAND FindElement {
   "using": "css selector",
   "value": ".DayPicker-NavButton.DayPicker-NavButton--next"
}
[1715504580.873][INFO]: Waiting for pending navigations...
[1715504580.874][INFO]: Done waiting for pending navigations. Status: ok
[1715504580.881][INFO]: Waiting for pending navigations...
[1715504580.882][INFO]: Done waiting for pending navigations. Status: ok
[1715504580.882][INFO]: [8c50316bd5dcbf793cdb4b4042077ca5] RESPONSE FindElement {
   "element-6066-11e4-a52e-4f735466cecf": "f.33050C7214DDEB946A92CD4511AEF6A3.d.F5121777335784A0BBB265093A5CACB9.e.168"
}
[1715504580.886][INFO]: [8c50316bd5dcbf793cdb4b4042077ca5] COMMAND ClickElement {
   "id": "f.33050C7214DDEB946A92CD4511AEF6A3.d.F5121777335784A0BBB265093A5CACB9.e.168"
}
[1715504580.886][INFO]: Waiting for pending navigations...
[1715504580.887][INFO]: Done waiting for pending navigations. Status: ok
[1715504581.086][INFO]: Waiting for pending navigations...
[1715504581.102][INFO]: Done waiting for pending navigations. Status: ok
[1715504581.102][INFO]: [8c50316bd5dcbf793cdb4b4042077ca5] RESPONSE ClickElement
[1715504581.107][INFO]: [8c50316bd5dcbf793cdb4b4042077ca5] COMMAND FindElement {
   "using": "css selector",
   "value": ".DayPicker-NavButton.DayPicker-NavButton--next"
}
[1715504581.107][INFO]: Waiting for pending navigations...
[1715504581.108][INFO]: Done waiting for pending navigations. Status: ok
[1715504581.116][INFO]: Waiting for pending navigations...
[1715504581.117][INFO]: Done waiting for pending navigations. Status: ok
[1715504581.117][INFO]: [8c50316bd5dcbf793cdb4b4042077ca5] RESPONSE FindElement {
   "element-6066-11e4-a52e-4f735466cecf": "f.33050C7214DDEB946A92CD4511AEF6A3.d.F5121777335784A0BBB265093A5CACB9.e.168"
}
[1715504581.122][INFO]: [8c50316bd5dcbf793cdb4b4042077ca5] COMMAND ClickElement {
   "id": "f.33050C7214DDEB946A92CD4511AEF6A3.d.F5121777335784A0BBB265093A5CACB9.e.168"
}
[1715504581.122][INFO]: Waiting for pending navigations...
[1715504581.122][INFO]: Done waiting for pending navigations. Status: ok
[1715504581.269][INFO]: Waiting for pending navigations...
[1715504581.274][INFO]: Done waiting for pending navigations. Status: ok
[1715504581.275][INFO]: [8c50316bd5dcbf793cdb4b4042077ca5] RESPONSE ClickElement
[1715504581.281][INFO]: [8c50316bd5dcbf793cdb4b4042077ca5] COMMAND FindElement {
   "using": "css selector",
   "value": ".DayPicker-NavButton.DayPicker-NavButton--next"
}
[1715504581.281][INFO]: Waiting for pending navigations...
[1715504581.282][INFO]: Done waiting for pending navigations. Status: ok
[1715504581.291][INFO]: Waiting for pending navigations...
[1715504581.291][INFO]: Done waiting for pending navigations. Status: ok
[1715504581.291][INFO]: [8c50316bd5dcbf793cdb4b4042077ca5] RESPONSE FindElement {
   "element-6066-11e4-a52e-4f735466cecf": "f.33050C7214DDEB946A92CD4511AEF6A3.d.F5121777335784A0BBB265093A5CACB9.e.168"
}
[1715504581.296][INFO]: [8c50316bd5dcbf793cdb4b4042077ca5] COMMAND ClickElement {
   "id": "f.33050C7214DDEB946A92CD4511AEF6A3.d.F5121777335784A0BBB265093A5CACB9.e.168"
}
[1715504581.296][INFO]: Waiting for pending navigations...
[1715504581.297][INFO]: Done waiting for pending navigations. Status: ok
[1715504582.124][INFO]: Waiting for pending navigations...
[1715504582.134][INFO]: Done waiting for pending navigations. Status: ok
[1715504582.134][INFO]: [8c50316bd5dcbf793cdb4b4042077ca5] RESPONSE ClickElement
[1715504582.139][INFO]: [8c50316bd5dcbf793cdb4b4042077ca5] COMMAND FindElement {
   "using": "css selector",
   "value": ".DayPicker-NavButton.DayPicker-NavButton--next"
}
[1715504582.139][INFO]: Waiting for pending navigations...
[1715504582.140][INFO]: Done waiting for pending navigations. Status: ok
[1715504582.147][INFO]: Waiting for pending navigations...
[1715504582.148][INFO]: Done waiting for pending navigations. Status: ok
[1715504582.148][INFO]: [8c50316bd5dcbf793cdb4b4042077ca5] RESPONSE FindElement {
   "element-6066-11e4-a52e-4f735466cecf": "f.33050C7214DDEB946A92CD4511AEF6A3.d.F5121777335784A0BBB265093A5CACB9.e.168"
}
[1715504582.151][INFO]: [8c50316bd5dcbf793cdb4b4042077ca5] COMMAND ClickElement {
   "id": "f.33050C7214DDEB946A92CD4511AEF6A3.d.F5121777335784A0BBB265093A5CACB9.e.168"
}
[1715504582.151][INFO]: Waiting for pending navigations...
[1715504582.152][INFO]: Done waiting for pending navigations. Status: ok
[1715504582.826][INFO]: Waiting for pending navigations...
[1715504582.828][INFO]: Done waiting for pending navigations. Status: ok
[1715504582.828][INFO]: [8c50316bd5dcbf793cdb4b4042077ca5] RESPONSE ClickElement
[1715504582.833][INFO]: [8c50316bd5dcbf793cdb4b4042077ca5] COMMAND FindElement {
   "using": "css selector",
   "value": ".DayPicker-NavButton.DayPicker-NavButton--next"
}
[1715504582.833][INFO]: Waiting for pending navigations...
[1715504582.834][INFO]: Done waiting for pending navigations. Status: ok
[1715504582.842][INFO]: Waiting for pending navigations...
[1715504582.843][INFO]: Done waiting for pending navigations. Status: ok
[1715504582.843][INFO]: [8c50316bd5dcbf793cdb4b4042077ca5] RESPONSE FindElement {
   "element-6066-11e4-a52e-4f735466cecf": "f.33050C7214DDEB946A92CD4511AEF6A3.d.F5121777335784A0BBB265093A5CACB9.e.168"
}
[1715504582.847][INFO]: [8c50316bd5dcbf793cdb4b4042077ca5] COMMAND ClickElement {
   "id": "f.33050C7214DDEB946A92CD4511AEF6A3.d.F5121777335784A0BBB265093A5CACB9.e.168"
}
[1715504582.847][INFO]: Waiting for pending navigations...
[1715504582.848][INFO]: Done waiting for pending navigations. Status: ok
[1715504583.071][INFO]: Waiting for pending navigations...
[1715504583.082][INFO]: Done waiting for pending navigations. Status: ok
[1715504583.082][INFO]: [8c50316bd5dcbf793cdb4b4042077ca5] RESPONSE ClickElement
[1715504583.087][INFO]: [8c50316bd5dcbf793cdb4b4042077ca5] COMMAND FindElement {
   "using": "css selector",
   "value": ".DayPicker-NavButton.DayPicker-NavButton--next"
}
[1715504583.087][INFO]: Waiting for pending navigations...
[1715504583.088][INFO]: Done waiting for pending navigations. Status: ok
[1715504583.093][INFO]: Waiting for pending navigations...
[1715504583.094][INFO]: Done waiting for pending navigations. Status: ok
[1715504583.094][INFO]: [8c50316bd5dcbf793cdb4b4042077ca5] RESPONSE FindElement {
   "element-6066-11e4-a52e-4f735466cecf": "f.33050C7214DDEB946A92CD4511AEF6A3.d.F5121777335784A0BBB265093A5CACB9.e.168"
}
[1715504583.098][INFO]: [8c50316bd5dcbf793cdb4b4042077ca5] COMMAND ClickElement {
   "id": "f.33050C7214DDEB946A92CD4511AEF6A3.d.F5121777335784A0BBB265093A5CACB9.e.168"
}
[1715504583.098][INFO]: Waiting for pending navigations...
[1715504583.099][INFO]: Done waiting for pending navigations. Status: ok
[1715504583.232][INFO]: Waiting for pending navigations...
[1715504583.237][INFO]: Done waiting for pending navigations. Status: ok
[1715504583.237][INFO]: [8c50316bd5dcbf793cdb4b4042077ca5] RESPONSE ClickElement
[1715504583.241][INFO]: [8c50316bd5dcbf793cdb4b4042077ca5] COMMAND FindElement {
   "using": "css selector",
   "value": ".DayPicker-NavButton.DayPicker-NavButton--next"
}
[1715504583.241][INFO]: Waiting for pending navigations...
[1715504583.242][INFO]: Done waiting for pending navigations. Status: ok
[1715504583.249][INFO]: Waiting for pending navigations...
[1715504583.249][INFO]: Done waiting for pending navigations. Status: ok
[1715504583.249][INFO]: [8c50316bd5dcbf793cdb4b4042077ca5] RESPONSE FindElement {
   "element-6066-11e4-a52e-4f735466cecf": "f.33050C7214DDEB946A92CD4511AEF6A3.d.F5121777335784A0BBB265093A5CACB9.e.168"
}
[1715504583.253][INFO]: [8c50316bd5dcbf793cdb4b4042077ca5] COMMAND ClickElement {
   "id": "f.33050C7214DDEB946A92CD4511AEF6A3.d.F5121777335784A0BBB265093A5CACB9.e.168"
}
[1715504583.254][INFO]: Waiting for pending navigations...
[1715504583.254][INFO]: Done waiting for pending navigations. Status: ok
[1715504584.089][INFO]: Waiting for pending navigations...
[1715504584.094][INFO]: Done waiting for pending navigations. Status: ok
[1715504584.094][INFO]: [8c50316bd5dcbf793cdb4b4042077ca5] RESPONSE ClickElement
[1715504584.099][INFO]: [8c50316bd5dcbf793cdb4b4042077ca5] COMMAND FindElement {
   "using": "css selector",
   "value": ".DayPicker-NavButton.DayPicker-NavButton--next"
}
[1715504584.099][INFO]: Waiting for pending navigations...
[1715504584.100][INFO]: Done waiting for pending navigations. Status: ok
[1715504584.107][INFO]: Waiting for pending navigations...
[1715504584.108][INFO]: Done waiting for pending navigations. Status: ok
[1715504584.108][INFO]: [8c50316bd5dcbf793cdb4b4042077ca5] RESPONSE FindElement {
   "element-6066-11e4-a52e-4f735466cecf": "f.33050C7214DDEB946A92CD4511AEF6A3.d.F5121777335784A0BBB265093A5CACB9.e.168"
}
[1715504584.112][INFO]: [8c50316bd5dcbf793cdb4b4042077ca5] COMMAND ClickElement {
   "id": "f.33050C7214DDEB946A92CD4511AEF6A3.d.F5121777335784A0BBB265093A5CACB9.e.168"
}
[1715504584.112][INFO]: Waiting for pending navigations...
[1715504584.113][INFO]: Done waiting for pending navigations. Status: ok
[1715504585.466][INFO]: Waiting for pending navigations...
[1715504585.466][INFO]: Done waiting for pending navigations. Status: ok
[1715504585.466][INFO]: [8c50316bd5dcbf793cdb4b4042077ca5] RESPONSE ClickElement ERROR stale element reference: stale element not found in the current frame
  (Session info: chrome=124.0.6367.158)
[1715504585.493][INFO]: [8c50316bd5dcbf793cdb4b4042077ca5] COMMAND Navigate {
   "url": "https://www.makemytrip.com/"
}
[1715504585.494][INFO]: Waiting for pending navigations...
[1715504585.515][INFO]: Done waiting for pending navigations. Status: ok
[1715504585.781][INFO]: Waiting for pending navigations...
[1715504587.186][INFO]: Done waiting for pending navigations. Status: ok
[1715504587.186][INFO]: [8c50316bd5dcbf793cdb4b4042077ca5] RESPONSE Navigate
[1715504587.192][INFO]: [8c50316bd5dcbf793cdb4b4042077ca5] COMMAND FindElement {
   "using": "xpath",
   "value": "//span[text()='Trains' and @class='headerIconTextAlignment chNavText darkGreyText']"
}
[1715504587.192][INFO]: Waiting for pending navigations...
[1715504587.305][INFO]: Done waiting for pending navigations. Status: ok
[1715504587.441][INFO]: Waiting for pending navigations...
[1715504587.496][INFO]: Done waiting for pending navigations. Status: ok
[1715504587.496][INFO]: [8c50316bd5dcbf793cdb4b4042077ca5] RESPONSE FindElement {
   "element-6066-11e4-a52e-4f735466cecf": "f.33050C7214DDEB946A92CD4511AEF6A3.d.954416896DC7BE1C342FAE8B37E6AC5D.e.239"
}
[1715504587.504][INFO]: [8c50316bd5dcbf793cdb4b4042077ca5] COMMAND ClickElement {
   "id": "f.33050C7214DDEB946A92CD4511AEF6A3.d.954416896DC7BE1C342FAE8B37E6AC5D.e.239"
}
[1715504587.504][INFO]: Waiting for pending navigations...
[1715504587.512][INFO]: Done waiting for pending navigations. Status: ok
[1715504588.052][INFO]: Waiting for pending navigations...
[1715504588.099][INFO]: Done waiting for pending navigations. Status: ok
[1715504588.099][INFO]: [8c50316bd5dcbf793cdb4b4042077ca5] RESPONSE ClickElement
[1715504588.104][INFO]: [8c50316bd5dcbf793cdb4b4042077ca5] COMMAND FindElement {
   "using": "css selector",
   "value": "#fromCity"
}
[1715504588.104][INFO]: Waiting for pending navigations...
[1715504588.194][INFO]: Done waiting for pending navigations. Status: ok
[1715504588.329][INFO]: Waiting for pending navigations...
[1715504588.400][INFO]: Done waiting for pending navigations. Status: ok
[1715504588.401][INFO]: [8c50316bd5dcbf793cdb4b4042077ca5] RESPONSE FindElement {
   "element-6066-11e4-a52e-4f735466cecf": "f.33050C7214DDEB946A92CD4511AEF6A3.d.954416896DC7BE1C342FAE8B37E6AC5D.e.254"
}
[1715504588.409][INFO]: [8c50316bd5dcbf793cdb4b4042077ca5] COMMAND ClickElement {
   "id": "f.33050C7214DDEB946A92CD4511AEF6A3.d.954416896DC7BE1C342FAE8B37E6AC5D.e.254"
}
[1715504588.409][INFO]: Waiting for pending navigations...
[1715504588.426][INFO]: Done waiting for pending navigations. Status: ok
[1715504588.575][INFO]: Waiting for pending navigations...
[1715504588.582][INFO]: Done waiting for pending navigations. Status: ok
[1715504588.582][INFO]: [8c50316bd5dcbf793cdb4b4042077ca5] RESPONSE ClickElement
[1715504588.589][INFO]: [8c50316bd5dcbf793cdb4b4042077ca5] COMMAND FindElement {
   "using": "css selector",
   "value": "[placeholder='From']"
}
[1715504588.589][INFO]: Waiting for pending navigations...
[1715504588.594][INFO]: Done waiting for pending navigations. Status: ok
[1715504588.864][INFO]: Waiting for pending navigations...
[1715504588.865][INFO]: Done waiting for pending navigations. Status: ok
[1715504588.865][INFO]: [8c50316bd5dcbf793cdb4b4042077ca5] RESPONSE FindElement {
   "element-6066-11e4-a52e-4f735466cecf": "f.33050C7214DDEB946A92CD4511AEF6A3.d.954416896DC7BE1C342FAE8B37E6AC5D.e.259"
}
[1715504588.871][INFO]: [8c50316bd5dcbf793cdb4b4042077ca5] COMMAND TypeElement {
   "id": "f.33050C7214DDEB946A92CD4511AEF6A3.d.954416896DC7BE1C342FAE8B37E6AC5D.e.259",
   "text": "ypr",
   "value": [ "y", "p", "r" ]
}
[1715504588.871][INFO]: Waiting for pending navigations...
[1715504588.872][INFO]: Done waiting for pending navigations. Status: ok
[1715504588.936][INFO]: Waiting for pending navigations...
[1715504588.942][INFO]: Done waiting for pending navigations. Status: ok
[1715504588.942][INFO]: [8c50316bd5dcbf793cdb4b4042077ca5] RESPONSE TypeElement
[1715504589.952][INFO]: [8c50316bd5dcbf793cdb4b4042077ca5] COMMAND FindElement {
   "using": "xpath",
   "value": "//span[text()='Bangalore']"
}
[1715504589.952][INFO]: Waiting for pending navigations...
[1715504589.954][INFO]: Done waiting for pending navigations. Status: ok
[1715504589.968][INFO]: Waiting for pending navigations...
[1715504589.971][INFO]: Done waiting for pending navigations. Status: ok
[1715504589.971][INFO]: [8c50316bd5dcbf793cdb4b4042077ca5] RESPONSE FindElement {
   "element-6066-11e4-a52e-4f735466cecf": "f.33050C7214DDEB946A92CD4511AEF6A3.d.954416896DC7BE1C342FAE8B37E6AC5D.e.278"
}
[1715504589.980][INFO]: [8c50316bd5dcbf793cdb4b4042077ca5] COMMAND ExecuteScript {
   "args": [ {
      "element-6066-11e4-a52e-4f735466cecf": "f.33050C7214DDEB946A92CD4511AEF6A3.d.954416896DC7BE1C342FAE8B37E6AC5D.e.278"
   } ],
   "script": "arguments[0].click();"
}
[1715504589.980][INFO]: Waiting for pending navigations...
[1715504589.981][INFO]: Done waiting for pending navigations. Status: ok
[1715504590.048][INFO]: Waiting for pending navigations...
[1715504590.063][INFO]: Done waiting for pending navigations. Status: ok
[1715504590.063][INFO]: [8c50316bd5dcbf793cdb4b4042077ca5] RESPONSE ExecuteScript null
[1715504591.078][INFO]: [8c50316bd5dcbf793cdb4b4042077ca5] COMMAND FindElement {
   "using": "xpath",
   "value": "//input[@placeholder='To']"
}
[1715504591.079][INFO]: Waiting for pending navigations...
[1715504591.080][INFO]: Done waiting for pending navigations. Status: ok
[1715504591.089][INFO]: Waiting for pending navigations...
[1715504591.090][INFO]: Done waiting for pending navigations. Status: ok
[1715504591.090][INFO]: [8c50316bd5dcbf793cdb4b4042077ca5] RESPONSE FindElement {
   "element-6066-11e4-a52e-4f735466cecf": "f.33050C7214DDEB946A92CD4511AEF6A3.d.954416896DC7BE1C342FAE8B37E6AC5D.e.279"
}
[1715504591.095][INFO]: [8c50316bd5dcbf793cdb4b4042077ca5] COMMAND ClickElement {
   "id": "f.33050C7214DDEB946A92CD4511AEF6A3.d.954416896DC7BE1C342FAE8B37E6AC5D.e.279"
}
[1715504591.095][INFO]: Waiting for pending navigations...
[1715504591.096][INFO]: Done waiting for pending navigations. Status: ok
[1715504591.232][INFO]: Waiting for pending navigations...
[1715504591.234][INFO]: Done waiting for pending navigations. Status: ok
[1715504591.234][INFO]: [8c50316bd5dcbf793cdb4b4042077ca5] RESPONSE ClickElement
[1715504591.239][INFO]: [8c50316bd5dcbf793cdb4b4042077ca5] COMMAND TypeElement {
   "id": "f.33050C7214DDEB946A92CD4511AEF6A3.d.954416896DC7BE1C342FAE8B37E6AC5D.e.279",
   "text": "ndls",
   "value": [ "n", "d", "l", "s" ]
}
[1715504591.239][INFO]: Waiting for pending navigations...
[1715504591.240][INFO]: Done waiting for pending navigations. Status: ok
[1715504591.319][INFO]: Waiting for pending navigations...
[1715504591.322][INFO]: Done waiting for pending navigations. Status: ok
[1715504591.322][INFO]: [8c50316bd5dcbf793cdb4b4042077ca5] RESPONSE TypeElement
[1715504592.327][INFO]: [8c50316bd5dcbf793cdb4b4042077ca5] COMMAND FindElement {
   "using": "xpath",
   "value": "//span[text()='Delhi']"
}
[1715504592.327][INFO]: Waiting for pending navigations...
[1715504592.328][INFO]: Done waiting for pending navigations. Status: ok
[1715504592.342][INFO]: Waiting for pending navigations...
[1715504592.342][INFO]: Done waiting for pending navigations. Status: ok
[1715504592.342][INFO]: [8c50316bd5dcbf793cdb4b4042077ca5] RESPONSE FindElement {
   "element-6066-11e4-a52e-4f735466cecf": "f.33050C7214DDEB946A92CD4511AEF6A3.d.954416896DC7BE1C342FAE8B37E6AC5D.e.288"
}
[1715504592.347][INFO]: [8c50316bd5dcbf793cdb4b4042077ca5] COMMAND ClickElement {
   "id": "f.33050C7214DDEB946A92CD4511AEF6A3.d.954416896DC7BE1C342FAE8B37E6AC5D.e.288"
}
[1715504592.347][INFO]: Waiting for pending navigations...
[1715504592.348][INFO]: Done waiting for pending navigations. Status: ok
[1715504592.464][INFO]: Waiting for pending navigations...
[1715504592.470][INFO]: Done waiting for pending navigations. Status: ok
[1715504592.470][INFO]: [8c50316bd5dcbf793cdb4b4042077ca5] RESPONSE ClickElement
[1715504593.485][INFO]: [8c50316bd5dcbf793cdb4b4042077ca5] COMMAND FindElement {
   "using": "xpath",
   "value": "(//div[@class='DayPicker-Caption'])[2]"
}
[1715504593.485][INFO]: Waiting for pending navigations...
[1715504593.486][INFO]: Done waiting for pending navigations. Status: ok
[1715504593.493][INFO]: Waiting for pending navigations...
[1715504593.494][INFO]: Done waiting for pending navigations. Status: ok
[1715504593.494][INFO]: [8c50316bd5dcbf793cdb4b4042077ca5] RESPONSE FindElement {
   "element-6066-11e4-a52e-4f735466cecf": "f.33050C7214DDEB946A92CD4511AEF6A3.d.954416896DC7BE1C342FAE8B37E6AC5D.e.293"
}
[1715504593.497][INFO]: [8c50316bd5dcbf793cdb4b4042077ca5] COMMAND GetElementText {
   "id": "f.33050C7214DDEB946A92CD4511AEF6A3.d.954416896DC7BE1C342FAE8B37E6AC5D.e.293"
}
[1715504593.497][INFO]: Waiting for pending navigations...
[1715504593.498][INFO]: Done waiting for pending navigations. Status: ok
[1715504593.505][INFO]: Waiting for pending navigations...
[1715504593.507][INFO]: Done waiting for pending navigations. Status: ok
[1715504593.507][INFO]: [8c50316bd5dcbf793cdb4b4042077ca5] RESPONSE GetElementText "June 2024"
[1715504593.511][INFO]: [8c50316bd5dcbf793cdb4b4042077ca5] COMMAND FindElement {
   "using": "css selector",
   "value": ".DayPicker-NavButton.DayPicker-NavButton--next"
}
[1715504593.511][INFO]: Waiting for pending navigations...
[1715504593.512][INFO]: Done waiting for pending navigations. Status: ok
[1715504593.517][INFO]: Waiting for pending navigations...
[1715504593.518][INFO]: Done waiting for pending navigations. Status: ok
[1715504593.518][INFO]: [8c50316bd5dcbf793cdb4b4042077ca5] RESPONSE FindElement {
   "element-6066-11e4-a52e-4f735466cecf": "f.33050C7214DDEB946A92CD4511AEF6A3.d.954416896DC7BE1C342FAE8B37E6AC5D.e.291"
}
[1715504593.521][INFO]: [8c50316bd5dcbf793cdb4b4042077ca5] COMMAND ClickElement {
   "id": "f.33050C7214DDEB946A92CD4511AEF6A3.d.954416896DC7BE1C342FAE8B37E6AC5D.e.291"
}
[1715504593.521][INFO]: Waiting for pending navigations...
[1715504593.522][INFO]: Done waiting for pending navigations. Status: ok
[1715504593.596][INFO]: Waiting for pending navigations...
[1715504593.596][INFO]: Done waiting for pending navigations. Status: ok
[1715504593.596][INFO]: [8c50316bd5dcbf793cdb4b4042077ca5] RESPONSE ClickElement
[1715504593.600][INFO]: [8c50316bd5dcbf793cdb4b4042077ca5] COMMAND FindElement {
   "using": "css selector",
   "value": ".DayPicker-NavButton.DayPicker-NavButton--next"
}
[1715504593.600][INFO]: Waiting for pending navigations...
[1715504593.602][INFO]: Done waiting for pending navigations. Status: ok
[1715504593.609][INFO]: Waiting for pending navigations...
[1715504593.612][INFO]: Done waiting for pending navigations. Status: ok
[1715504593.612][INFO]: [8c50316bd5dcbf793cdb4b4042077ca5] RESPONSE FindElement {
   "element-6066-11e4-a52e-4f735466cecf": "f.33050C7214DDEB946A92CD4511AEF6A3.d.954416896DC7BE1C342FAE8B37E6AC5D.e.291"
}
[1715504593.616][INFO]: [8c50316bd5dcbf793cdb4b4042077ca5] COMMAND ClickElement {
   "id": "f.33050C7214DDEB946A92CD4511AEF6A3.d.954416896DC7BE1C342FAE8B37E6AC5D.e.291"
}
[1715504593.616][INFO]: Waiting for pending navigations...
[1715504593.617][INFO]: Done waiting for pending navigations. Status: ok
[1715504593.682][INFO]: Waiting for pending navigations...
[1715504593.685][INFO]: Done waiting for pending navigations. Status: ok
[1715504593.685][INFO]: [8c50316bd5dcbf793cdb4b4042077ca5] RESPONSE ClickElement
[1715504593.689][INFO]: [8c50316bd5dcbf793cdb4b4042077ca5] COMMAND FindElement {
   "using": "css selector",
   "value": ".DayPicker-NavButton.DayPicker-NavButton--next"
}
[1715504593.689][INFO]: Waiting for pending navigations...
[1715504593.690][INFO]: Done waiting for pending navigations. Status: ok
[1715504593.697][INFO]: Waiting for pending navigations...
[1715504593.698][INFO]: Done waiting for pending navigations. Status: ok
[1715504593.698][INFO]: [8c50316bd5dcbf793cdb4b4042077ca5] RESPONSE FindElement {
   "element-6066-11e4-a52e-4f735466cecf": "f.33050C7214DDEB946A92CD4511AEF6A3.d.954416896DC7BE1C342FAE8B37E6AC5D.e.291"
}
[1715504593.702][INFO]: [8c50316bd5dcbf793cdb4b4042077ca5] COMMAND ClickElement {
   "id": "f.33050C7214DDEB946A92CD4511AEF6A3.d.954416896DC7BE1C342FAE8B37E6AC5D.e.291"
}
[1715504593.702][INFO]: Waiting for pending navigations...
[1715504593.703][INFO]: Done waiting for pending navigations. Status: ok
[1715504593.754][INFO]: Waiting for pending navigations...
[1715504593.757][INFO]: Done waiting for pending navigations. Status: ok
[1715504593.757][INFO]: [8c50316bd5dcbf793cdb4b4042077ca5] RESPONSE ClickElement
[1715504593.762][INFO]: [8c50316bd5dcbf793cdb4b4042077ca5] COMMAND FindElement {
   "using": "css selector",
   "value": ".DayPicker-NavButton.DayPicker-NavButton--next"
}
[1715504593.762][INFO]: Waiting for pending navigations...
[1715504593.763][INFO]: Done waiting for pending navigations. Status: ok
[1715504593.770][INFO]: Waiting for pending navigations...
[1715504593.771][INFO]: Done waiting for pending navigations. Status: ok
[1715504593.771][INFO]: [8c50316bd5dcbf793cdb4b4042077ca5] RESPONSE FindElement {
   "element-6066-11e4-a52e-4f735466cecf": "f.33050C7214DDEB946A92CD4511AEF6A3.d.954416896DC7BE1C342FAE8B37E6AC5D.e.291"
}
[1715504593.775][INFO]: [8c50316bd5dcbf793cdb4b4042077ca5] COMMAND ClickElement {
   "id": "f.33050C7214DDEB946A92CD4511AEF6A3.d.954416896DC7BE1C342FAE8B37E6AC5D.e.291"
}
[1715504593.775][INFO]: Waiting for pending navigations...
[1715504593.776][INFO]: Done waiting for pending navigations. Status: ok
[1715504594.821][INFO]: Waiting for pending navigations...
[1715504594.822][INFO]: Done waiting for pending navigations. Status: ok
[1715504594.822][INFO]: [8c50316bd5dcbf793cdb4b4042077ca5] RESPONSE ClickElement ERROR stale element reference: stale element not found in the current frame
  (Session info: chrome=124.0.6367.158)
